<?xml version="1.0" encoding="UTF-8"?>
<testsuite name="com.oliver.rest.RestApplicationTests" tests="1" skipped="0" failures="0" errors="0" timestamp="2019-04-24T00:44:21" hostname="DESKTOP-L1T43EQ" time="0.242">
  <properties/>
  <testcase name="contextLoads" classname="com.oliver.rest.RestApplicationTests" time="0.242"/>
  <system-out><![CDATA[08:44:19.568 [Test worker] DEBUG org.springframework.test.context.junit4.SpringJUnit4ClassRunner - SpringJUnit4ClassRunner constructor called with [class com.oliver.rest.RestApplicationTests]
08:44:19.577 [Test worker] DEBUG org.springframework.test.context.BootstrapUtils - Instantiating CacheAwareContextLoaderDelegate from class [org.springframework.test.context.cache.DefaultCacheAwareContextLoaderDelegate]
08:44:19.586 [Test worker] DEBUG org.springframework.test.context.BootstrapUtils - Instantiating BootstrapContext using constructor [public org.springframework.test.context.support.DefaultBootstrapContext(java.lang.Class,org.springframework.test.context.CacheAwareContextLoaderDelegate)]
08:44:19.607 [Test worker] DEBUG org.springframework.test.context.BootstrapUtils - Instantiating TestContextBootstrapper for test class [com.oliver.rest.RestApplicationTests] from class [org.springframework.boot.test.context.SpringBootTestContextBootstrapper]
08:44:19.635 [Test worker] INFO org.springframework.boot.test.context.SpringBootTestContextBootstrapper - Neither @ContextConfiguration nor @ContextHierarchy found for test class [com.oliver.rest.RestApplicationTests], using SpringBootContextLoader
08:44:19.638 [Test worker] DEBUG org.springframework.test.context.support.AbstractContextLoader - Did not detect default resource location for test class [com.oliver.rest.RestApplicationTests]: class path resource [com/oliver/rest/RestApplicationTests-context.xml] does not exist
08:44:19.638 [Test worker] DEBUG org.springframework.test.context.support.AbstractContextLoader - Did not detect default resource location for test class [com.oliver.rest.RestApplicationTests]: class path resource [com/oliver/rest/RestApplicationTestsContext.groovy] does not exist
08:44:19.638 [Test worker] INFO org.springframework.test.context.support.AbstractContextLoader - Could not detect default resource locations for test class [com.oliver.rest.RestApplicationTests]: no resource found for suffixes {-context.xml, Context.groovy}.
08:44:19.639 [Test worker] INFO org.springframework.test.context.support.AnnotationConfigContextLoaderUtils - Could not detect default configuration classes for test class [com.oliver.rest.RestApplicationTests]: RestApplicationTests does not declare any static, non-private, non-final, nested classes annotated with @Configuration.
08:44:19.706 [Test worker] DEBUG org.springframework.test.context.support.ActiveProfilesUtils - Could not find an 'annotation declaring class' for annotation type [org.springframework.test.context.ActiveProfiles] and class [com.oliver.rest.RestApplicationTests]
08:44:19.761 [Test worker] DEBUG org.springframework.context.annotation.ClassPathScanningCandidateComponentProvider - Identified candidate component class: file [E:\works\rpc-retry\build\classes\java\main\com\oliver\rest\RestApplication.class]
08:44:19.763 [Test worker] INFO org.springframework.boot.test.context.SpringBootTestContextBootstrapper - Found @SpringBootConfiguration com.oliver.rest.RestApplication for test class com.oliver.rest.RestApplicationTests
08:44:19.844 [Test worker] DEBUG org.springframework.boot.test.context.SpringBootTestContextBootstrapper - @TestExecutionListeners is not present for class [com.oliver.rest.RestApplicationTests]: using defaults.
08:44:19.845 [Test worker] INFO org.springframework.boot.test.context.SpringBootTestContextBootstrapper - Loaded default TestExecutionListener class names from location [META-INF/spring.factories]: [org.springframework.boot.test.autoconfigure.restdocs.RestDocsTestExecutionListener, org.springframework.boot.test.autoconfigure.web.client.MockRestServiceServerResetTestExecutionListener, org.springframework.boot.test.autoconfigure.web.servlet.MockMvcPrintOnlyOnFailureTestExecutionListener, org.springframework.boot.test.autoconfigure.web.servlet.WebDriverTestExecutionListener, org.springframework.boot.test.mock.mockito.MockitoTestExecutionListener, org.springframework.boot.test.mock.mockito.ResetMocksTestExecutionListener, org.springframework.test.context.web.ServletTestExecutionListener, org.springframework.test.context.support.DirtiesContextBeforeModesTestExecutionListener, org.springframework.test.context.support.DependencyInjectionTestExecutionListener, org.springframework.test.context.support.DirtiesContextTestExecutionListener, org.springframework.test.context.transaction.TransactionalTestExecutionListener, org.springframework.test.context.jdbc.SqlScriptsTestExecutionListener]
08:44:19.858 [Test worker] DEBUG org.springframework.boot.test.context.SpringBootTestContextBootstrapper - Skipping candidate TestExecutionListener [org.springframework.test.context.transaction.TransactionalTestExecutionListener] due to a missing dependency. Specify custom listener classes or make the default listener classes and their required dependencies available. Offending class: [org/springframework/transaction/interceptor/TransactionAttributeSource]
08:44:19.858 [Test worker] DEBUG org.springframework.boot.test.context.SpringBootTestContextBootstrapper - Skipping candidate TestExecutionListener [org.springframework.test.context.jdbc.SqlScriptsTestExecutionListener] due to a missing dependency. Specify custom listener classes or make the default listener classes and their required dependencies available. Offending class: [org/springframework/transaction/interceptor/TransactionAttribute]
08:44:19.859 [Test worker] INFO org.springframework.boot.test.context.SpringBootTestContextBootstrapper - Using TestExecutionListeners: [org.springframework.test.context.web.ServletTestExecutionListener@38a53a24, org.springframework.test.context.support.DirtiesContextBeforeModesTestExecutionListener@5baeb671, org.springframework.boot.test.mock.mockito.MockitoTestExecutionListener@6579ff78, org.springframework.boot.test.autoconfigure.SpringBootDependencyInjectionTestExecutionListener@33495a7b, org.springframework.test.context.support.DirtiesContextTestExecutionListener@222c222c, org.springframework.boot.test.autoconfigure.restdocs.RestDocsTestExecutionListener@c1f1526, org.springframework.boot.test.autoconfigure.web.client.MockRestServiceServerResetTestExecutionListener@26b7b9e2, org.springframework.boot.test.autoconfigure.web.servlet.MockMvcPrintOnlyOnFailureTestExecutionListener@5fd4b5cd, org.springframework.boot.test.autoconfigure.web.servlet.WebDriverTestExecutionListener@1c2ac159, org.springframework.boot.test.mock.mockito.ResetMocksTestExecutionListener@68e841df]
08:44:19.861 [Test worker] DEBUG org.springframework.test.annotation.ProfileValueUtils - Retrieved @ProfileValueSourceConfiguration [null] for test class [com.oliver.rest.RestApplicationTests]
08:44:19.862 [Test worker] DEBUG org.springframework.test.annotation.ProfileValueUtils - Retrieved ProfileValueSource type [class org.springframework.test.annotation.SystemProfileValueSource] for class [com.oliver.rest.RestApplicationTests]
08:44:19.863 [Test worker] DEBUG org.springframework.test.annotation.ProfileValueUtils - Retrieved @ProfileValueSourceConfiguration [null] for test class [com.oliver.rest.RestApplicationTests]
08:44:19.863 [Test worker] DEBUG org.springframework.test.annotation.ProfileValueUtils - Retrieved ProfileValueSource type [class org.springframework.test.annotation.SystemProfileValueSource] for class [com.oliver.rest.RestApplicationTests]
08:44:19.867 [Test worker] DEBUG org.springframework.test.context.support.AbstractDirtiesContextTestExecutionListener - Before test class: context [DefaultTestContext@2124a0db testClass = RestApplicationTests, testInstance = [null], testMethod = [null], testException = [null], mergedContextConfiguration = [WebMergedContextConfiguration@100faf79 testClass = RestApplicationTests, locations = '{}', classes = '{class com.oliver.rest.RestApplication}', contextInitializerClasses = '[]', activeProfiles = '{}', propertySourceLocations = '{}', propertySourceProperties = '{org.springframework.boot.test.context.SpringBootTestContextBootstrapper=true}', contextCustomizers = set[org.springframework.boot.test.autoconfigure.properties.PropertyMappingContextCustomizer@0, org.springframework.boot.test.autoconfigure.web.servlet.WebDriverContextCustomizerFactory$Customizer@6574bf50, org.springframework.boot.test.context.filter.ExcludeFilterContextCustomizer@2c786940, org.springframework.boot.test.json.DuplicateJsonObjectContextCustomizerFactory$DuplicateJsonObjectContextCustomizer@18b3f44, org.springframework.boot.test.mock.mockito.MockitoContextCustomizer@0, org.springframework.boot.test.web.client.TestRestTemplateContextCustomizer@24d37774], resourceBasePath = 'src/main/webapp', contextLoader = 'org.springframework.boot.test.context.SpringBootContextLoader', parent = [null]], attributes = map['org.springframework.test.context.web.ServletTestExecutionListener.activateListener' -> true]], class annotated with @DirtiesContext [false] with mode [null].
08:44:19.868 [Test worker] DEBUG org.springframework.test.annotation.ProfileValueUtils - Retrieved @ProfileValueSourceConfiguration [null] for test class [com.oliver.rest.RestApplicationTests]
08:44:19.868 [Test worker] DEBUG org.springframework.test.annotation.ProfileValueUtils - Retrieved ProfileValueSource type [class org.springframework.test.annotation.SystemProfileValueSource] for class [com.oliver.rest.RestApplicationTests]
08:44:19.886 [Test worker] DEBUG org.springframework.test.context.support.TestPropertySourceUtils - Adding inlined properties to environment: {spring.jmx.enabled=false, org.springframework.boot.test.context.SpringBootTestContextBootstrapper=true, server.port=-1}

  .   ____          _            __ _ _
 /\\ / ___'_ __ _ _(_)_ __  __ _ \ \ \ \
( ( )\___ | '_ | '_| | '_ \/ _` | \ \ \ \
 \\/  ___)| |_)| | | | | || (_| |  ) ) ) )
  '  |____| .__|_| |_|_| |_\__, | / / / /
 =========|_|==============|___/=/_/_/_/
 :: Spring Boot ::        (v2.1.4.RELEASE)

2019-04-24 08:44:20.143  INFO 80440 --- [    Test worker] com.oliver.rest.RestApplicationTests     : Starting RestApplicationTests on DESKTOP-L1T43EQ with PID 80440 (started by dell in E:\works\rpc-retry)
2019-04-24 08:44:20.144  INFO 80440 --- [    Test worker] com.oliver.rest.RestApplicationTests     : No active profile set, falling back to default profiles: default
2019-04-24 08:44:21.555  INFO 80440 --- [    Test worker] o.s.s.concurrent.ThreadPoolTaskExecutor  : Initializing ExecutorService 'applicationTaskExecutor'
2019-04-24 08:44:21.932  INFO 80440 --- [    Test worker] com.oliver.rest.RestApplicationTests     : Started RestApplicationTests in 2.037 seconds (JVM running for 3.152)
]]></system-out>
  <system-err><![CDATA[]]></system-err>
</testsuite>
